1721055001.108113 client started (32848): version 3.4, socket /private/tmp/tmux-501/default, protocol 8
1721055001.108299 on Darwin 23.5.0 Darwin Kernel Version 23.5.0: Wed May  1 20:13:18 PDT 2024; root:xnu-10063.121.3~5/RELEASE_ARM64_T6030
1721055001.108316 using libevent 2.1.12-stable select
1721055001.108327 using utf8proc 2.9.0
1721055001.108333 using ncurses 6.5 20240427
1721055001.108358 flags are 0x10010000
1721055001.108365 socket is /private/tmp/tmux-501/default
1721055001.108378 trying connect
1721055001.108436 add peer 0x128008000: 6 (0x0)
1721055001.110465 sending message 100 to peer 0x128008000 (4 bytes)
1721055001.110475 sending message 111 to peer 0x128008000 (8 bytes)
1721055001.110481 sending message 101 to peer 0x128008000 (16 bytes)
1721055001.110486 sending message 109 to peer 0x128008000 (4 bytes)
1721055001.110491 sending message 102 to peer 0x128008000 (13 bytes)
1721055001.110496 sending message 108 to peer 0x128008000 (56 bytes)
1721055001.110501 sending message 112 to peer 0x128008000 (70 bytes)
1721055001.110506 sending message 112 to peer 0x128008000 (5 bytes)
1721055001.110510 sending message 112 to peer 0x128008000 (5 bytes)
1721055001.110515 sending message 112 to peer 0x128008000 (6 bytes)
1721055001.110519 sending message 112 to peer 0x128008000 (6 bytes)
1721055001.110524 sending message 112 to peer 0x128008000 (11 bytes)
1721055001.110529 sending message 112 to peer 0x128008000 (10 bytes)
1721055001.110533 sending message 112 to peer 0x128008000 (13 bytes)
1721055001.110538 sending message 112 to peer 0x128008000 (13 bytes)
1721055001.110542 sending message 112 to peer 0x128008000 (18 bytes)
1721055001.110547 sending message 112 to peer 0x128008000 (11 bytes)
1721055001.110552 sending message 112 to peer 0x128008000 (21 bytes)
1721055001.110556 sending message 112 to peer 0x128008000 (13 bytes)
1721055001.110561 sending message 112 to peer 0x128008000 (7 bytes)
1721055001.110565 sending message 112 to peer 0x128008000 (13 bytes)
1721055001.110570 sending message 112 to peer 0x128008000 (7 bytes)
1721055001.110574 sending message 112 to peer 0x128008000 (13 bytes)
1721055001.110579 sending message 112 to peer 0x128008000 (9 bytes)
1721055001.110584 sending message 112 to peer 0x128008000 (21 bytes)
1721055001.110588 sending message 112 to peer 0x128008000 (13 bytes)
1721055001.110593 sending message 112 to peer 0x128008000 (8 bytes)
1721055001.110597 sending message 112 to peer 0x128008000 (12 bytes)
1721055001.110602 sending message 112 to peer 0x128008000 (13 bytes)
1721055001.110606 sending message 112 to peer 0x128008000 (9 bytes)
1721055001.110611 sending message 112 to peer 0x128008000 (9 bytes)
1721055001.110615 sending message 112 to peer 0x128008000 (12 bytes)
1721055001.110620 sending message 112 to peer 0x128008000 (8 bytes)
1721055001.110624 sending message 112 to peer 0x128008000 (7 bytes)
1721055001.110629 sending message 112 to peer 0x128008000 (7 bytes)
1721055001.110633 sending message 112 to peer 0x128008000 (9 bytes)
1721055001.110638 sending message 112 to peer 0x128008000 (13 bytes)
1721055001.110642 sending message 112 to peer 0x128008000 (9 bytes)
1721055001.110647 sending message 112 to peer 0x128008000 (13 bytes)
1721055001.110652 sending message 112 to peer 0x128008000 (12 bytes)
1721055001.110656 sending message 112 to peer 0x128008000 (8 bytes)
1721055001.110661 sending message 112 to peer 0x128008000 (9 bytes)
1721055001.110665 sending message 112 to peer 0x128008000 (10 bytes)
1721055001.110670 sending message 112 to peer 0x128008000 (10 bytes)
1721055001.110674 sending message 112 to peer 0x128008000 (10 bytes)
1721055001.110679 sending message 112 to peer 0x128008000 (10 bytes)
1721055001.110683 sending message 112 to peer 0x128008000 (11 bytes)
1721055001.110688 sending message 112 to peer 0x128008000 (10 bytes)
1721055001.110692 sending message 112 to peer 0x128008000 (8 bytes)
1721055001.110697 sending message 112 to peer 0x128008000 (11 bytes)
1721055001.110701 sending message 112 to peer 0x128008000 (11 bytes)
1721055001.110706 sending message 112 to peer 0x128008000 (11 bytes)
1721055001.110725 sending message 112 to peer 0x128008000 (8 bytes)
1721055001.110729 sending message 112 to peer 0x128008000 (8 bytes)
1721055001.110732 sending message 112 to peer 0x128008000 (8 bytes)
1721055001.110735 sending message 112 to peer 0x128008000 (10 bytes)
1721055001.110738 sending message 112 to peer 0x128008000 (10 bytes)
1721055001.110742 sending message 112 to peer 0x128008000 (10 bytes)
1721055001.110745 sending message 112 to peer 0x128008000 (10 bytes)
1721055001.110748 sending message 112 to peer 0x128008000 (10 bytes)
1721055001.110751 sending message 112 to peer 0x128008000 (11 bytes)
1721055001.110754 sending message 112 to peer 0x128008000 (11 bytes)
1721055001.110757 sending message 112 to peer 0x128008000 (10 bytes)
1721055001.110760 sending message 112 to peer 0x128008000 (9 bytes)
1721055001.110764 sending message 112 to peer 0x128008000 (9 bytes)
1721055001.110767 sending message 112 to peer 0x128008000 (12 bytes)
1721055001.110770 sending message 112 to peer 0x128008000 (9 bytes)
1721055001.110773 sending message 112 to peer 0x128008000 (6 bytes)
1721055001.110776 sending message 112 to peer 0x128008000 (8 bytes)
1721055001.110779 sending message 112 to peer 0x128008000 (15 bytes)
1721055001.110782 sending message 112 to peer 0x128008000 (13 bytes)
1721055001.110785 sending message 112 to peer 0x128008000 (70 bytes)
1721055001.110789 sending message 112 to peer 0x128008000 (69 bytes)
1721055001.110792 sending message 112 to peer 0x128008000 (10 bytes)
1721055001.110795 sending message 112 to peer 0x128008000 (8 bytes)
1721055001.110798 sending message 112 to peer 0x128008000 (15 bytes)
1721055001.110801 sending message 112 to peer 0x128008000 (13 bytes)
1721055001.110805 sending message 112 to peer 0x128008000 (10 bytes)
1721055001.110808 sending message 112 to peer 0x128008000 (10 bytes)
1721055001.110811 sending message 112 to peer 0x128008000 (5 bytes)
1721055001.110814 sending message 112 to peer 0x128008000 (5 bytes)
1721055001.110818 sending message 104 to peer 0x128008000 (0 bytes)
1721055001.110822 sending message 110 to peer 0x128008000 (0 bytes)
1721055001.110825 sending message 107 to peer 0x128008000 (4 bytes)
1721055001.110828 sending message 105 to peer 0x128008000 (15 bytes)
1721055001.110831 sending message 105 to peer 0x128008000 (20 bytes)
1721055001.110834 sending message 105 to peer 0x128008000 (22 bytes)
1721055001.110838 sending message 105 to peer 0x128008000 (18 bytes)
1721055001.110841 sending message 105 to peer 0x128008000 (22 bytes)
1721055001.110844 sending message 105 to peer 0x128008000 (61 bytes)
1721055001.110847 sending message 105 to peer 0x128008000 (17 bytes)
1721055001.110851 sending message 105 to peer 0x128008000 (19 bytes)
1721055001.110854 sending message 105 to peer 0x128008000 (26 bytes)
1721055001.110857 sending message 105 to peer 0x128008000 (14 bytes)
1721055001.110860 sending message 105 to peer 0x128008000 (54 bytes)
1721055001.110864 sending message 105 to peer 0x128008000 (55 bytes)
1721055001.110867 sending message 105 to peer 0x128008000 (1410 bytes)
1721055001.110871 sending message 105 to peer 0x128008000 (60 bytes)
1721055001.110874 sending message 105 to peer 0x128008000 (24 bytes)
1721055001.110877 sending message 105 to peer 0x128008000 (15 bytes)
1721055001.110880 sending message 105 to peer 0x128008000 (8 bytes)
1721055001.110883 sending message 105 to peer 0x128008000 (50 bytes)
1721055001.110886 sending message 105 to peer 0x128008000 (21 bytes)
1721055001.110890 sending message 105 to peer 0x128008000 (86 bytes)
1721055001.110893 sending message 105 to peer 0x128008000 (44 bytes)
1721055001.110896 sending message 105 to peer 0x128008000 (18 bytes)
1721055001.110899 sending message 105 to peer 0x128008000 (25 bytes)
1721055001.110902 sending message 105 to peer 0x128008000 (60 bytes)
1721055001.110905 sending message 105 to peer 0x128008000 (57 bytes)
1721055001.110909 sending message 105 to peer 0x128008000 (42 bytes)
1721055001.110912 sending message 105 to peer 0x128008000 (14 bytes)
1721055001.110915 sending message 105 to peer 0x128008000 (11 bytes)
1721055001.110925 sending message 105 to peer 0x128008000 (14 bytes)
1721055001.110929 sending message 105 to peer 0x128008000 (19 bytes)
1721055001.110932 sending message 105 to peer 0x128008000 (43 bytes)
1721055001.110935 sending message 105 to peer 0x128008000 (32 bytes)
1721055001.110939 sending message 105 to peer 0x128008000 (19 bytes)
1721055001.110942 sending message 105 to peer 0x128008000 (61 bytes)
1721055001.110946 sending message 105 to peer 0x128008000 (28 bytes)
1721055001.110949 sending message 105 to peer 0x128008000 (11 bytes)
1721055001.110952 sending message 105 to peer 0x128008000 (8 bytes)
1721055001.110956 sending message 105 to peer 0x128008000 (32 bytes)
1721055001.110959 sending message 105 to peer 0x128008000 (96 bytes)
1721055001.110962 sending message 105 to peer 0x128008000 (25 bytes)
1721055001.110965 sending message 105 to peer 0x128008000 (53 bytes)
1721055001.110968 sending message 105 to peer 0x128008000 (52 bytes)
1721055001.110972 sending message 105 to peer 0x128008000 (16 bytes)
1721055001.110975 sending message 105 to peer 0x128008000 (20 bytes)
1721055001.110978 sending message 105 to peer 0x128008000 (87 bytes)
1721055001.110981 sending message 105 to peer 0x128008000 (97 bytes)
1721055001.110985 sending message 105 to peer 0x128008000 (59 bytes)
1721055001.110988 sending message 105 to peer 0x128008000 (76 bytes)
1721055001.110991 sending message 105 to peer 0x128008000 (55 bytes)
1721055001.110994 sending message 105 to peer 0x128008000 (81 bytes)
1721055001.110998 sending message 105 to peer 0x128008000 (33 bytes)
1721055001.111001 sending message 105 to peer 0x128008000 (21 bytes)
1721055001.111004 sending message 105 to peer 0x128008000 (60 bytes)
1721055001.111007 sending message 105 to peer 0x128008000 (21 bytes)
1721055001.111010 sending message 105 to peer 0x128008000 (39 bytes)
1721055001.111013 sending message 105 to peer 0x128008000 (62 bytes)
1721055001.111016 sending message 105 to peer 0x128008000 (49 bytes)
1721055001.111020 sending message 105 to peer 0x128008000 (35 bytes)
1721055001.111023 sending message 105 to peer 0x128008000 (48 bytes)
1721055001.111026 sending message 105 to peer 0x128008000 (52 bytes)
1721055001.111029 sending message 105 to peer 0x128008000 (57 bytes)
1721055001.111032 sending message 105 to peer 0x128008000 (54 bytes)
1721055001.111035 sending message 105 to peer 0x128008000 (61 bytes)
1721055001.111038 sending message 105 to peer 0x128008000 (22 bytes)
1721055001.111041 sending message 105 to peer 0x128008000 (59 bytes)
1721055001.111045 sending message 105 to peer 0x128008000 (61 bytes)
1721055001.111048 sending message 105 to peer 0x128008000 (61 bytes)
1721055001.111051 sending message 105 to peer 0x128008000 (59 bytes)
1721055001.111054 sending message 105 to peer 0x128008000 (54 bytes)
1721055001.111057 sending message 105 to peer 0x128008000 (211 bytes)
1721055001.111060 sending message 105 to peer 0x128008000 (65 bytes)
1721055001.111063 sending message 105 to peer 0x128008000 (67 bytes)
1721055001.111067 sending message 105 to peer 0x128008000 (49 bytes)
1721055001.111070 sending message 105 to peer 0x128008000 (122 bytes)
1721055001.111073 sending message 105 to peer 0x128008000 (117 bytes)
1721055001.111076 sending message 105 to peer 0x128008000 (40 bytes)
1721055001.111079 sending message 105 to peer 0x128008000 (39 bytes)
1721055001.111083 sending message 105 to peer 0x128008000 (36 bytes)
1721055001.111086 sending message 105 to peer 0x128008000 (43 bytes)
1721055001.111089 sending message 105 to peer 0x128008000 (85 bytes)
1721055001.111092 sending message 105 to peer 0x128008000 (82 bytes)
1721055001.111095 sending message 105 to peer 0x128008000 (35 bytes)
1721055001.111098 sending message 105 to peer 0x128008000 (38 bytes)
1721055001.111101 sending message 105 to peer 0x128008000 (52 bytes)
1721055001.111105 sending message 105 to peer 0x128008000 (74 bytes)
1721055001.111108 sending message 105 to peer 0x128008000 (40 bytes)
1721055001.111111 sending message 105 to peer 0x128008000 (53 bytes)
1721055001.111120 sending message 105 to peer 0x128008000 (90 bytes)
1721055001.111123 sending message 105 to peer 0x128008000 (53 bytes)
1721055001.111126 sending message 105 to peer 0x128008000 (51 bytes)
1721055001.111129 sending message 105 to peer 0x128008000 (52 bytes)
1721055001.111133 sending message 105 to peer 0x128008000 (55 bytes)
1721055001.111136 sending message 105 to peer 0x128008000 (53 bytes)
1721055001.111139 sending message 105 to peer 0x128008000 (85 bytes)
1721055001.111142 sending message 105 to peer 0x128008000 (53 bytes)
1721055001.111145 sending message 105 to peer 0x128008000 (85 bytes)
1721055001.111148 sending message 105 to peer 0x128008000 (86 bytes)
1721055001.111152 sending message 105 to peer 0x128008000 (86 bytes)
1721055001.111155 sending message 105 to peer 0x128008000 (41 bytes)
1721055001.111158 sending message 105 to peer 0x128008000 (50 bytes)
1721055001.111161 sending message 105 to peer 0x128008000 (89 bytes)
1721055001.111164 sending message 105 to peer 0x128008000 (86 bytes)
1721055001.111168 sending message 105 to peer 0x128008000 (85 bytes)
1721055001.111171 sending message 105 to peer 0x128008000 (214 bytes)
1721055001.111174 sending message 105 to peer 0x128008000 (209 bytes)
1721055001.111178 sending message 105 to peer 0x128008000 (219 bytes)
1721055001.111181 sending message 105 to peer 0x128008000 (222 bytes)
1721055001.111184 sending message 105 to peer 0x128008000 (22 bytes)
1721055001.111188 sending message 105 to peer 0x128008000 (47 bytes)
1721055001.111191 sending message 105 to peer 0x128008000 (461 bytes)
1721055001.111195 sending message 105 to peer 0x128008000 (154 bytes)
1721055001.111198 sending message 105 to peer 0x128008000 (83 bytes)
1721055001.111202 sending message 105 to peer 0x128008000 (91 bytes)
1721055001.111205 sending message 105 to peer 0x128008000 (69 bytes)
1721055001.111208 sending message 105 to peer 0x128008000 (79 bytes)
1721055001.111212 sending message 105 to peer 0x128008000 (40 bytes)
1721055001.111216 sending message 105 to peer 0x128008000 (17 bytes)
1721055001.111219 sending message 105 to peer 0x128008000 (25 bytes)
1721055001.111223 sending message 106 to peer 0x128008000 (0 bytes)
1721055001.111276 sending message 200 to peer 0x128008000 (4 bytes)
1721055001.111284 client loop enter
1721055001.111694 peer 0x128008000 message 303
1721055001.111703 open write file 2 -
1721055001.111714 sending message 305 to peer 0x128008000 (8 bytes)
1721055001.111727 write check file 2
1721055001.111769 peer 0x128008000 message 304
1721055001.111774 write 58 to file 2
1721055001.111779 peer 0x128008000 message 203
1721055001.111783 file 2 58 bytes left
1721055001.111792 write check file 2
1721055001.111796 client loop exit
