1721054913.745013 client started (30586): version 3.4, socket /private/tmp/tmux-501/default, protocol 8
1721054913.745115 on Darwin 23.5.0 Darwin Kernel Version 23.5.0: Wed May  1 20:13:18 PDT 2024; root:xnu-10063.121.3~5/RELEASE_ARM64_T6030
1721054913.745132 using libevent 2.1.12-stable select
1721054913.745168 using utf8proc 2.9.0
1721054913.745177 using ncurses 6.5 20240427
1721054913.745200 flags are 0x10010000
1721054913.745209 socket is /private/tmp/tmux-501/default
1721054913.745223 trying connect
1721054913.745286 add peer 0x140008000: 6 (0x0)
1721054913.747747 sending message 100 to peer 0x140008000 (4 bytes)
1721054913.747762 sending message 111 to peer 0x140008000 (8 bytes)
1721054913.747770 sending message 101 to peer 0x140008000 (16 bytes)
1721054913.747779 sending message 109 to peer 0x140008000 (4 bytes)
1721054913.747786 sending message 102 to peer 0x140008000 (13 bytes)
1721054913.747793 sending message 108 to peer 0x140008000 (56 bytes)
1721054913.747800 sending message 112 to peer 0x140008000 (70 bytes)
1721054913.747809 sending message 112 to peer 0x140008000 (5 bytes)
1721054913.747820 sending message 112 to peer 0x140008000 (5 bytes)
1721054913.747830 sending message 112 to peer 0x140008000 (6 bytes)
1721054913.747837 sending message 112 to peer 0x140008000 (6 bytes)
1721054913.747844 sending message 112 to peer 0x140008000 (11 bytes)
1721054913.747853 sending message 112 to peer 0x140008000 (10 bytes)
1721054913.747859 sending message 112 to peer 0x140008000 (13 bytes)
1721054913.747866 sending message 112 to peer 0x140008000 (13 bytes)
1721054913.747872 sending message 112 to peer 0x140008000 (18 bytes)
1721054913.747881 sending message 112 to peer 0x140008000 (11 bytes)
1721054913.747889 sending message 112 to peer 0x140008000 (21 bytes)
1721054913.747895 sending message 112 to peer 0x140008000 (13 bytes)
1721054913.747903 sending message 112 to peer 0x140008000 (7 bytes)
1721054913.747910 sending message 112 to peer 0x140008000 (13 bytes)
1721054913.747916 sending message 112 to peer 0x140008000 (7 bytes)
1721054913.747928 sending message 112 to peer 0x140008000 (13 bytes)
1721054913.747936 sending message 112 to peer 0x140008000 (9 bytes)
1721054913.747943 sending message 112 to peer 0x140008000 (21 bytes)
1721054913.747949 sending message 112 to peer 0x140008000 (13 bytes)
1721054913.747956 sending message 112 to peer 0x140008000 (8 bytes)
1721054913.747962 sending message 112 to peer 0x140008000 (12 bytes)
1721054913.747969 sending message 112 to peer 0x140008000 (13 bytes)
1721054913.747977 sending message 112 to peer 0x140008000 (9 bytes)
1721054913.747986 sending message 112 to peer 0x140008000 (9 bytes)
1721054913.747996 sending message 112 to peer 0x140008000 (12 bytes)
1721054913.748005 sending message 112 to peer 0x140008000 (8 bytes)
1721054913.748011 sending message 112 to peer 0x140008000 (7 bytes)
1721054913.748021 sending message 112 to peer 0x140008000 (7 bytes)
1721054913.748029 sending message 112 to peer 0x140008000 (9 bytes)
1721054913.748035 sending message 112 to peer 0x140008000 (13 bytes)
1721054913.748042 sending message 112 to peer 0x140008000 (9 bytes)
1721054913.748049 sending message 112 to peer 0x140008000 (13 bytes)
1721054913.748057 sending message 112 to peer 0x140008000 (12 bytes)
1721054913.748064 sending message 112 to peer 0x140008000 (8 bytes)
1721054913.748072 sending message 112 to peer 0x140008000 (9 bytes)
1721054913.748083 sending message 112 to peer 0x140008000 (10 bytes)
1721054913.748091 sending message 112 to peer 0x140008000 (10 bytes)
1721054913.748099 sending message 112 to peer 0x140008000 (10 bytes)
1721054913.748110 sending message 112 to peer 0x140008000 (10 bytes)
1721054913.748120 sending message 112 to peer 0x140008000 (11 bytes)
1721054913.748126 sending message 112 to peer 0x140008000 (10 bytes)
1721054913.748133 sending message 112 to peer 0x140008000 (8 bytes)
1721054913.748139 sending message 112 to peer 0x140008000 (11 bytes)
1721054913.748146 sending message 112 to peer 0x140008000 (11 bytes)
1721054913.748152 sending message 112 to peer 0x140008000 (11 bytes)
1721054913.748182 sending message 112 to peer 0x140008000 (8 bytes)
1721054913.748187 sending message 112 to peer 0x140008000 (8 bytes)
1721054913.748192 sending message 112 to peer 0x140008000 (8 bytes)
1721054913.748197 sending message 112 to peer 0x140008000 (10 bytes)
1721054913.748202 sending message 112 to peer 0x140008000 (10 bytes)
1721054913.748207 sending message 112 to peer 0x140008000 (10 bytes)
1721054913.748212 sending message 112 to peer 0x140008000 (10 bytes)
1721054913.748216 sending message 112 to peer 0x140008000 (10 bytes)
1721054913.748221 sending message 112 to peer 0x140008000 (11 bytes)
1721054913.748226 sending message 112 to peer 0x140008000 (11 bytes)
1721054913.748230 sending message 112 to peer 0x140008000 (10 bytes)
1721054913.748235 sending message 112 to peer 0x140008000 (9 bytes)
1721054913.748240 sending message 112 to peer 0x140008000 (9 bytes)
1721054913.748244 sending message 112 to peer 0x140008000 (12 bytes)
1721054913.748249 sending message 112 to peer 0x140008000 (9 bytes)
1721054913.748254 sending message 112 to peer 0x140008000 (6 bytes)
1721054913.748258 sending message 112 to peer 0x140008000 (8 bytes)
1721054913.748264 sending message 112 to peer 0x140008000 (15 bytes)
1721054913.748270 sending message 112 to peer 0x140008000 (13 bytes)
1721054913.748276 sending message 112 to peer 0x140008000 (70 bytes)
1721054913.748282 sending message 112 to peer 0x140008000 (69 bytes)
1721054913.748286 sending message 112 to peer 0x140008000 (10 bytes)
1721054913.748291 sending message 112 to peer 0x140008000 (8 bytes)
1721054913.748296 sending message 112 to peer 0x140008000 (15 bytes)
1721054913.748301 sending message 112 to peer 0x140008000 (13 bytes)
1721054913.748306 sending message 112 to peer 0x140008000 (10 bytes)
1721054913.748312 sending message 112 to peer 0x140008000 (10 bytes)
1721054913.748318 sending message 112 to peer 0x140008000 (5 bytes)
1721054913.748324 sending message 112 to peer 0x140008000 (5 bytes)
1721054913.748331 sending message 104 to peer 0x140008000 (0 bytes)
1721054913.748337 sending message 110 to peer 0x140008000 (0 bytes)
1721054913.748341 sending message 107 to peer 0x140008000 (4 bytes)
1721054913.748346 sending message 105 to peer 0x140008000 (15 bytes)
1721054913.748351 sending message 105 to peer 0x140008000 (20 bytes)
1721054913.748356 sending message 105 to peer 0x140008000 (22 bytes)
1721054913.748361 sending message 105 to peer 0x140008000 (18 bytes)
1721054913.748365 sending message 105 to peer 0x140008000 (22 bytes)
1721054913.748370 sending message 105 to peer 0x140008000 (61 bytes)
1721054913.748374 sending message 105 to peer 0x140008000 (17 bytes)
1721054913.748378 sending message 105 to peer 0x140008000 (19 bytes)
1721054913.748383 sending message 105 to peer 0x140008000 (26 bytes)
1721054913.748387 sending message 105 to peer 0x140008000 (14 bytes)
1721054913.748392 sending message 105 to peer 0x140008000 (54 bytes)
1721054913.748396 sending message 105 to peer 0x140008000 (55 bytes)
1721054913.748401 sending message 105 to peer 0x140008000 (1410 bytes)
1721054913.748406 sending message 105 to peer 0x140008000 (60 bytes)
1721054913.748410 sending message 105 to peer 0x140008000 (24 bytes)
1721054913.748415 sending message 105 to peer 0x140008000 (15 bytes)
1721054913.748419 sending message 105 to peer 0x140008000 (8 bytes)
1721054913.748424 sending message 105 to peer 0x140008000 (50 bytes)
1721054913.748428 sending message 105 to peer 0x140008000 (21 bytes)
1721054913.748432 sending message 105 to peer 0x140008000 (86 bytes)
1721054913.748437 sending message 105 to peer 0x140008000 (44 bytes)
1721054913.748441 sending message 105 to peer 0x140008000 (18 bytes)
1721054913.748446 sending message 105 to peer 0x140008000 (25 bytes)
1721054913.748450 sending message 105 to peer 0x140008000 (60 bytes)
1721054913.748455 sending message 105 to peer 0x140008000 (57 bytes)
1721054913.748459 sending message 105 to peer 0x140008000 (42 bytes)
1721054913.748463 sending message 105 to peer 0x140008000 (14 bytes)
1721054913.748468 sending message 105 to peer 0x140008000 (11 bytes)
1721054913.748481 sending message 105 to peer 0x140008000 (14 bytes)
1721054913.748486 sending message 105 to peer 0x140008000 (19 bytes)
1721054913.748490 sending message 105 to peer 0x140008000 (43 bytes)
1721054913.748495 sending message 105 to peer 0x140008000 (32 bytes)
1721054913.748499 sending message 105 to peer 0x140008000 (19 bytes)
1721054913.748504 sending message 105 to peer 0x140008000 (61 bytes)
1721054913.748508 sending message 105 to peer 0x140008000 (28 bytes)
1721054913.748513 sending message 105 to peer 0x140008000 (11 bytes)
1721054913.748517 sending message 105 to peer 0x140008000 (8 bytes)
1721054913.748522 sending message 105 to peer 0x140008000 (32 bytes)
1721054913.748526 sending message 105 to peer 0x140008000 (96 bytes)
1721054913.748531 sending message 105 to peer 0x140008000 (25 bytes)
1721054913.748535 sending message 105 to peer 0x140008000 (53 bytes)
1721054913.748540 sending message 105 to peer 0x140008000 (52 bytes)
1721054913.748544 sending message 105 to peer 0x140008000 (16 bytes)
1721054913.748548 sending message 105 to peer 0x140008000 (20 bytes)
1721054913.748553 sending message 105 to peer 0x140008000 (87 bytes)
1721054913.748557 sending message 105 to peer 0x140008000 (97 bytes)
1721054913.748562 sending message 105 to peer 0x140008000 (59 bytes)
1721054913.748566 sending message 105 to peer 0x140008000 (76 bytes)
1721054913.748571 sending message 105 to peer 0x140008000 (55 bytes)
1721054913.748575 sending message 105 to peer 0x140008000 (81 bytes)
1721054913.748579 sending message 105 to peer 0x140008000 (33 bytes)
1721054913.748584 sending message 105 to peer 0x140008000 (21 bytes)
1721054913.748588 sending message 105 to peer 0x140008000 (60 bytes)
1721054913.748593 sending message 105 to peer 0x140008000 (21 bytes)
1721054913.748597 sending message 105 to peer 0x140008000 (39 bytes)
1721054913.748602 sending message 105 to peer 0x140008000 (62 bytes)
1721054913.748606 sending message 105 to peer 0x140008000 (49 bytes)
1721054913.748610 sending message 105 to peer 0x140008000 (35 bytes)
1721054913.748615 sending message 105 to peer 0x140008000 (48 bytes)
1721054913.748619 sending message 105 to peer 0x140008000 (52 bytes)
1721054913.748624 sending message 105 to peer 0x140008000 (57 bytes)
1721054913.748628 sending message 105 to peer 0x140008000 (54 bytes)
1721054913.748632 sending message 105 to peer 0x140008000 (61 bytes)
1721054913.748637 sending message 105 to peer 0x140008000 (22 bytes)
1721054913.748641 sending message 105 to peer 0x140008000 (59 bytes)
1721054913.748646 sending message 105 to peer 0x140008000 (61 bytes)
1721054913.748650 sending message 105 to peer 0x140008000 (61 bytes)
1721054913.748654 sending message 105 to peer 0x140008000 (59 bytes)
1721054913.748659 sending message 105 to peer 0x140008000 (54 bytes)
1721054913.748663 sending message 105 to peer 0x140008000 (211 bytes)
1721054913.748668 sending message 105 to peer 0x140008000 (65 bytes)
1721054913.748672 sending message 105 to peer 0x140008000 (67 bytes)
1721054913.748677 sending message 105 to peer 0x140008000 (49 bytes)
1721054913.748681 sending message 105 to peer 0x140008000 (122 bytes)
1721054913.748686 sending message 105 to peer 0x140008000 (117 bytes)
1721054913.748690 sending message 105 to peer 0x140008000 (40 bytes)
1721054913.748695 sending message 105 to peer 0x140008000 (39 bytes)
1721054913.748699 sending message 105 to peer 0x140008000 (36 bytes)
1721054913.748704 sending message 105 to peer 0x140008000 (43 bytes)
1721054913.748708 sending message 105 to peer 0x140008000 (85 bytes)
1721054913.748712 sending message 105 to peer 0x140008000 (82 bytes)
1721054913.748717 sending message 105 to peer 0x140008000 (35 bytes)
1721054913.748721 sending message 105 to peer 0x140008000 (38 bytes)
1721054913.748726 sending message 105 to peer 0x140008000 (52 bytes)
1721054913.748730 sending message 105 to peer 0x140008000 (74 bytes)
1721054913.748734 sending message 105 to peer 0x140008000 (40 bytes)
1721054913.748739 sending message 105 to peer 0x140008000 (53 bytes)
1721054913.748750 sending message 105 to peer 0x140008000 (90 bytes)
1721054913.748755 sending message 105 to peer 0x140008000 (53 bytes)
1721054913.748760 sending message 105 to peer 0x140008000 (51 bytes)
1721054913.748764 sending message 105 to peer 0x140008000 (52 bytes)
1721054913.748768 sending message 105 to peer 0x140008000 (55 bytes)
1721054913.748773 sending message 105 to peer 0x140008000 (53 bytes)
1721054913.748777 sending message 105 to peer 0x140008000 (85 bytes)
1721054913.748782 sending message 105 to peer 0x140008000 (53 bytes)
1721054913.748786 sending message 105 to peer 0x140008000 (85 bytes)
1721054913.748790 sending message 105 to peer 0x140008000 (86 bytes)
1721054913.748795 sending message 105 to peer 0x140008000 (86 bytes)
1721054913.748799 sending message 105 to peer 0x140008000 (41 bytes)
1721054913.748803 sending message 105 to peer 0x140008000 (50 bytes)
1721054913.748808 sending message 105 to peer 0x140008000 (89 bytes)
1721054913.748813 sending message 105 to peer 0x140008000 (86 bytes)
1721054913.748817 sending message 105 to peer 0x140008000 (85 bytes)
1721054913.748820 sending message 105 to peer 0x140008000 (214 bytes)
1721054913.748824 sending message 105 to peer 0x140008000 (209 bytes)
1721054913.748828 sending message 105 to peer 0x140008000 (219 bytes)
1721054913.748832 sending message 105 to peer 0x140008000 (222 bytes)
1721054913.748835 sending message 105 to peer 0x140008000 (22 bytes)
1721054913.748839 sending message 105 to peer 0x140008000 (47 bytes)
1721054913.748843 sending message 105 to peer 0x140008000 (461 bytes)
1721054913.748847 sending message 105 to peer 0x140008000 (154 bytes)
1721054913.748851 sending message 105 to peer 0x140008000 (83 bytes)
1721054913.748855 sending message 105 to peer 0x140008000 (91 bytes)
1721054913.748858 sending message 105 to peer 0x140008000 (69 bytes)
1721054913.748862 sending message 105 to peer 0x140008000 (79 bytes)
1721054913.748866 sending message 105 to peer 0x140008000 (40 bytes)
1721054913.748870 sending message 105 to peer 0x140008000 (17 bytes)
1721054913.748873 sending message 105 to peer 0x140008000 (25 bytes)
1721054913.748877 sending message 106 to peer 0x140008000 (0 bytes)
1721054913.748942 sending message 200 to peer 0x140008000 (4 bytes)
1721054913.748948 client loop enter
1721054913.749562 peer 0x140008000 message 303
1721054913.749570 open write file 2 -
1721054913.749581 sending message 305 to peer 0x140008000 (8 bytes)
1721054913.749595 write check file 2
1721054913.749644 peer 0x140008000 message 304
1721054913.749650 write 58 to file 2
1721054913.749655 peer 0x140008000 message 203
1721054913.749660 file 2 58 bytes left
1721054913.749671 write check file 2
1721054913.749676 client loop exit
